<?xml version="1.0" encoding="UTF-8"?>
<!-- Generated by org.testng.reporters.JUnitReportReporter -->
<testsuite name="excel.ReadData" tests="1" time="1.359" ignored="0" failures="0" timestamp="31 May 2020 13:55:38 GMT" skipped="0" hostname="harshit" errors="0">
  <testcase name="readData" time="1.359" classname="excel.ReadData"/>
</testsuite> <!-- excel.ReadData -->
