<?xml version="1.0" encoding="UTF-8"?>
<!-- Generated by org.testng.reporters.JUnitReportReporter -->
<testsuite name="excel.HandlingTooltips" tests="1" time="9.552" ignored="0" failures="0" timestamp="31 May 2020 13:55:14 GMT" skipped="0" hostname="harshit" errors="0">
  <testcase name="tooltip" time="9.552" classname="excel.HandlingTooltips"/>
</testsuite> <!-- excel.HandlingTooltips -->
